timestamp: 2012-10-25T23:59:09.358653
CREATE TABLE person(
    id INTEGER PRIMARY KEY AUTOINCREMENT,
    name CHAR(512)
);
success!
DROP TABLE person;
success!
timestamp: 2012-10-25T23:59:09.454506
CREATE TABLE users(
    id INTEGER PRIMARY KEY AUTOINCREMENT,
    stringf CHAR(32),
    booleanf CHAR(1),
    passwordf CHAR(512) NOT NULL,
    uploadf CHAR(512),
    blobf BLOB,
    integerf INTEGER UNIQUE,
    doublef DOUBLE NOT NULL UNIQUE,
    datef DATE,
    timef TIME,
    datetimef TIMESTAMP
);
success!
DROP TABLE users;
success!
timestamp: 2012-10-25T23:59:09.463809
CREATE TABLE person(
    id INTEGER PRIMARY KEY AUTOINCREMENT,
    name CHAR(512),
    birth DATE
);
success!
timestamp: 2012-10-25T23:59:09.495196
CREATE TABLE dog(
    id INTEGER PRIMARY KEY AUTOINCREMENT,
    name CHAR(512),
    birth DATE,
    owner INTEGER REFERENCES person (id) ON DELETE CASCADE
);
success!
DROP TABLE dog;
success!
DROP TABLE person;
success!
timestamp: 2012-10-25T23:59:09.553948
CREATE TABLE author(
    id INTEGER PRIMARY KEY AUTOINCREMENT,
    name CHAR(512)
);
success!
timestamp: 2012-10-25T23:59:09.556943
CREATE TABLE paper(
    id INTEGER PRIMARY KEY AUTOINCREMENT,
    title CHAR(512)
);
success!
timestamp: 2012-10-25T23:59:09.559531
CREATE TABLE authorship(
    id INTEGER PRIMARY KEY AUTOINCREMENT,
    author_id INTEGER REFERENCES author (id) ON DELETE CASCADE,
    paper_id INTEGER REFERENCES paper (id) ON DELETE CASCADE
);
success!
timestamp: 2012-10-25T23:59:09.566581
CREATE TABLE mynumber(
    id INTEGER PRIMARY KEY AUTOINCREMENT,
    x INTEGER
);
success!
DROP TABLE mynumber;
success!
DROP TABLE authorship;
success!
DROP TABLE author;
success!
DROP TABLE paper;
success!
timestamp: 2012-10-25T23:59:58.676072
CREATE TABLE person(
    id INTEGER PRIMARY KEY AUTOINCREMENT,
    name CHAR(512)
);
success!
DROP TABLE person;
success!
timestamp: 2012-10-25T23:59:58.748255
CREATE TABLE users(
    id INTEGER PRIMARY KEY AUTOINCREMENT,
    stringf CHAR(32),
    booleanf CHAR(1),
    passwordf CHAR(512) NOT NULL,
    uploadf CHAR(512),
    blobf BLOB,
    integerf INTEGER UNIQUE,
    doublef DOUBLE NOT NULL UNIQUE,
    datef DATE,
    timef TIME,
    datetimef TIMESTAMP
);
success!
DROP TABLE users;
success!
timestamp: 2012-10-25T23:59:58.755891
CREATE TABLE person(
    id INTEGER PRIMARY KEY AUTOINCREMENT,
    name CHAR(512),
    birth DATE
);
success!
timestamp: 2012-10-25T23:59:58.773763
CREATE TABLE dog(
    id INTEGER PRIMARY KEY AUTOINCREMENT,
    name CHAR(512),
    birth DATE,
    owner INTEGER REFERENCES person (id) ON DELETE CASCADE
);
success!
DROP TABLE dog;
success!
DROP TABLE person;
success!
timestamp: 2012-10-25T23:59:58.783314
CREATE TABLE author(
    id INTEGER PRIMARY KEY AUTOINCREMENT,
    name CHAR(512)
);
success!
timestamp: 2012-10-25T23:59:58.785287
CREATE TABLE paper(
    id INTEGER PRIMARY KEY AUTOINCREMENT,
    title CHAR(512)
);
success!
timestamp: 2012-10-25T23:59:58.787723
CREATE TABLE authorship(
    id INTEGER PRIMARY KEY AUTOINCREMENT,
    author_id INTEGER REFERENCES author (id) ON DELETE CASCADE,
    paper_id INTEGER REFERENCES paper (id) ON DELETE CASCADE
);
success!
timestamp: 2012-10-25T23:59:58.793805
CREATE TABLE mynumber(
    id INTEGER PRIMARY KEY AUTOINCREMENT,
    x INTEGER
);
success!
DROP TABLE mynumber;
success!
DROP TABLE authorship;
success!
DROP TABLE author;
success!
DROP TABLE paper;
success!
